{"meta": {"format": 3, "version": "7.9.2", "timestamp": "2025-08-29T04:38:02.723791", "branch_coverage": false, "show_contexts": false}, "files": {"src/screen_manager/__main__.py": {"executed_lines": [], "summary": {"covered_lines": 0, "num_statements": 7, "percent_covered": 0.0, "percent_covered_display": "0.00", "missing_lines": 7, "excluded_lines": 0}, "missing_lines": [7, 8, 10, 13, 15, 18, 19], "excluded_lines": [], "functions": {"main_entry": {"executed_lines": [], "summary": {"covered_lines": 0, "num_statements": 1, "percent_covered": 0.0, "percent_covered_display": "0.00", "missing_lines": 1, "excluded_lines": 0}, "missing_lines": [15], "excluded_lines": []}, "": {"executed_lines": [], "summary": {"covered_lines": 0, "num_statements": 6, "percent_covered": 0.0, "percent_covered_display": "0.00", "missing_lines": 6, "excluded_lines": 0}, "missing_lines": [7, 8, 10, 13, 18, 19], "excluded_lines": []}}, "classes": {"": {"executed_lines": [], "summary": {"covered_lines": 0, "num_statements": 7, "percent_covered": 0.0, "percent_covered_display": "0.00", "missing_lines": 7, "excluded_lines": 0}, "missing_lines": [7, 8, 10, 13, 15, 18, 19], "excluded_lines": []}}}, "src/screen_manager/__version__.py": {"executed_lines": [], "summary": {"covered_lines": 0, "num_statements": 1, "percent_covered": 0.0, "percent_covered_display": "0.00", "missing_lines": 1, "excluded_lines": 0}, "missing_lines": [3], "excluded_lines": [], "functions": {"": {"executed_lines": [], "summary": {"covered_lines": 0, "num_statements": 1, "percent_covered": 0.0, "percent_covered_display": "0.00", "missing_lines": 1, "excluded_lines": 0}, "missing_lines": [3], "excluded_lines": []}}, "classes": {"": {"executed_lines": [], "summary": {"covered_lines": 0, "num_statements": 1, "percent_covered": 0.0, "percent_covered_display": "0.00", "missing_lines": 1, "excluded_lines": 0}, "missing_lines": [3], "excluded_lines": []}}}, "src/screen_manager/cli.py": {"executed_lines": [], "summary": {"covered_lines": 0, "num_statements": 112, "percent_covered": 0.0, "percent_covered_display": "0.00", "missing_lines": 112, "excluded_lines": 0}, "missing_lines": [8, 9, 10, 12, 13, 16, 18, 19, 20, 22, 23, 25, 26, 27, 28, 29, 30, 31, 32, 33, 36, 38, 40, 41, 43, 45, 46, 48, 49, 50, 51, 53, 54, 55, 57, 58, 59, 61, 63, 64, 66, 68, 69, 70, 71, 73, 75, 76, 77, 79, 81, 82, 85, 86, 88, 91, 93, 94, 96, 97, 100, 101, 102, 103, 104, 105, 108, 109, 110, 111, 112, 114, 115, 116, 119, 120, 123, 124, 125, 126, 127, 129, 132, 134, 137, 140, 141, 143, 145, 147, 150, 151, 153, 155, 157, 159, 161, 163, 165, 167, 169, 171, 173, 176, 177, 180, 182, 183, 184, 186, 189, 190], "excluded_lines": [], "functions": {"serve_command": {"executed_lines": [], "summary": {"covered_lines": 0, "num_statements": 14, "percent_covered": 0.0, "percent_covered_display": "0.00", "missing_lines": 14, "excluded_lines": 0}, "missing_lines": [18, 19, 20, 22, 23, 25, 26, 27, 28, 29, 30, 31, 32, 33], "excluded_lines": []}, "debug_command": {"executed_lines": [], "summary": {"covered_lines": 0, "num_statements": 34, "percent_covered": 0.0, "percent_covered_display": "0.00", "missing_lines": 34, "excluded_lines": 0}, "missing_lines": [38, 40, 41, 43, 45, 46, 48, 49, 50, 51, 53, 54, 55, 57, 58, 59, 61, 63, 64, 66, 68, 69, 70, 71, 73, 75, 76, 77, 79, 81, 82, 85, 86, 88], "excluded_lines": []}, "info_command": {"executed_lines": [], "summary": {"covered_lines": 0, "num_statements": 26, "percent_covered": 0.0, "percent_covered_display": "0.00", "missing_lines": 26, "excluded_lines": 0}, "missing_lines": [93, 94, 96, 97, 100, 101, 102, 103, 104, 105, 108, 109, 110, 111, 112, 114, 115, 116, 119, 120, 123, 124, 125, 126, 127, 129], "excluded_lines": []}, "main": {"executed_lines": [], "summary": {"covered_lines": 0, "num_statements": 27, "percent_covered": 0.0, "percent_covered_display": "0.00", "missing_lines": 27, "excluded_lines": 0}, "missing_lines": [134, 137, 140, 141, 143, 145, 147, 150, 151, 153, 155, 157, 159, 161, 163, 165, 167, 169, 171, 173, 176, 177, 180, 182, 183, 184, 186], "excluded_lines": []}, "": {"executed_lines": [], "summary": {"covered_lines": 0, "num_statements": 11, "percent_covered": 0.0, "percent_covered_display": "0.00", "missing_lines": 11, "excluded_lines": 0}, "missing_lines": [8, 9, 10, 12, 13, 16, 36, 91, 132, 189, 190], "excluded_lines": []}}, "classes": {"": {"executed_lines": [], "summary": {"covered_lines": 0, "num_statements": 112, "percent_covered": 0.0, "percent_covered_display": "0.00", "missing_lines": 112, "excluded_lines": 0}, "missing_lines": [8, 9, 10, 12, 13, 16, 18, 19, 20, 22, 23, 25, 26, 27, 28, 29, 30, 31, 32, 33, 36, 38, 40, 41, 43, 45, 46, 48, 49, 50, 51, 53, 54, 55, 57, 58, 59, 61, 63, 64, 66, 68, 69, 70, 71, 73, 75, 76, 77, 79, 81, 82, 85, 86, 88, 91, 93, 94, 96, 97, 100, 101, 102, 103, 104, 105, 108, 109, 110, 111, 112, 114, 115, 116, 119, 120, 123, 124, 125, 126, 127, 129, 132, 134, 137, 140, 141, 143, 145, 147, 150, 151, 153, 155, 157, 159, 161, 163, 165, 167, 169, 171, 173, 176, 177, 180, 182, 183, 184, 186, 189, 190], "excluded_lines": []}}}, "src/screen_manager/mcp_server.py": {"executed_lines": [2, 8, 9, 10, 12, 15, 25, 28, 31, 39, 59, 60, 67, 79, 80, 85, 98, 99, 104, 122, 123, 128, 141, 142, 147, 166, 167, 172, 187, 188, 193, 211, 212, 217, 243, 244, 249, 267, 289], "summary": {"covered_lines": 38, "num_statements": 96, "percent_covered": 39.583333333333336, "percent_covered_display": "39.58", "missing_lines": 58, "excluded_lines": 0}, "missing_lines": [17, 18, 34, 35, 36, 53, 54, 55, 57, 64, 76, 77, 82, 95, 96, 101, 113, 114, 116, 125, 138, 139, 144, 157, 158, 160, 169, 178, 179, 181, 190, 202, 203, 205, 214, 223, 224, 226, 246, 257, 258, 259, 260, 261, 262, 264, 269, 271, 272, 274, 276, 279, 281, 282, 283, 284, 286, 290], "excluded_lines": [], "functions": {"get_agent_id": {"executed_lines": [], "summary": {"covered_lines": 0, "num_statements": 2, "percent_covered": 0.0, "percent_covered_display": "0.00", "missing_lines": 2, "excluded_lines": 0}, "missing_lines": [17, 18], "excluded_lines": []}, "get_session_manager": {"executed_lines": [], "summary": {"covered_lines": 0, "num_statements": 3, "percent_covered": 0.0, "percent_covered_display": "0.00", "missing_lines": 3, "excluded_lines": 0}, "missing_lines": [34, 35, 36], "excluded_lines": []}, "_create_debug_session_handler": {"executed_lines": [], "summary": {"covered_lines": 0, "num_statements": 4, "percent_covered": 0.0, "percent_covered_display": "0.00", "missing_lines": 4, "excluded_lines": 0}, "missing_lines": [53, 54, 55, 57], "excluded_lines": []}, "create_debug_session": {"executed_lines": [], "summary": {"covered_lines": 0, "num_statements": 1, "percent_covered": 0.0, "percent_covered_display": "0.00", "missing_lines": 1, "excluded_lines": 0}, "missing_lines": [64], "excluded_lines": []}, "_get_session_status_handler": {"executed_lines": [], "summary": {"covered_lines": 0, "num_statements": 2, "percent_covered": 0.0, "percent_covered_display": "0.00", "missing_lines": 2, "excluded_lines": 0}, "missing_lines": [76, 77], "excluded_lines": []}, "get_session_status": {"executed_lines": [], "summary": {"covered_lines": 0, "num_statements": 1, "percent_covered": 0.0, "percent_covered_display": "0.00", "missing_lines": 1, "excluded_lines": 0}, "missing_lines": [82], "excluded_lines": []}, "_send_command_handler": {"executed_lines": [], "summary": {"covered_lines": 0, "num_statements": 2, "percent_covered": 0.0, "percent_covered_display": "0.00", "missing_lines": 2, "excluded_lines": 0}, "missing_lines": [95, 96], "excluded_lines": []}, "send_command": {"executed_lines": [], "summary": {"covered_lines": 0, "num_statements": 1, "percent_covered": 0.0, "percent_covered_display": "0.00", "missing_lines": 1, "excluded_lines": 0}, "missing_lines": [101], "excluded_lines": []}, "_get_exit_code_handler": {"executed_lines": [], "summary": {"covered_lines": 0, "num_statements": 3, "percent_covered": 0.0, "percent_covered_display": "0.00", "missing_lines": 3, "excluded_lines": 0}, "missing_lines": [113, 114, 116], "excluded_lines": []}, "get_exit_code": {"executed_lines": [], "summary": {"covered_lines": 0, "num_statements": 1, "percent_covered": 0.0, "percent_covered_display": "0.00", "missing_lines": 1, "excluded_lines": 0}, "missing_lines": [125], "excluded_lines": []}, "_wait_for_completion_handler": {"executed_lines": [], "summary": {"covered_lines": 0, "num_statements": 2, "percent_covered": 0.0, "percent_covered_display": "0.00", "missing_lines": 2, "excluded_lines": 0}, "missing_lines": [138, 139], "excluded_lines": []}, "wait_for_completion": {"executed_lines": [], "summary": {"covered_lines": 0, "num_statements": 1, "percent_covered": 0.0, "percent_covered_display": "0.00", "missing_lines": 1, "excluded_lines": 0}, "missing_lines": [144], "excluded_lines": []}, "_get_session_output_handler": {"executed_lines": [], "summary": {"covered_lines": 0, "num_statements": 3, "percent_covered": 0.0, "percent_covered_display": "0.00", "missing_lines": 3, "excluded_lines": 0}, "missing_lines": [157, 158, 160], "excluded_lines": []}, "get_session_output": {"executed_lines": [], "summary": {"covered_lines": 0, "num_statements": 1, "percent_covered": 0.0, "percent_covered_display": "0.00", "missing_lines": 1, "excluded_lines": 0}, "missing_lines": [169], "excluded_lines": []}, "_list_sessions_handler": {"executed_lines": [], "summary": {"covered_lines": 0, "num_statements": 3, "percent_covered": 0.0, "percent_covered_display": "0.00", "missing_lines": 3, "excluded_lines": 0}, "missing_lines": [178, 179, 181], "excluded_lines": []}, "list_sessions": {"executed_lines": [], "summary": {"covered_lines": 0, "num_statements": 1, "percent_covered": 0.0, "percent_covered_display": "0.00", "missing_lines": 1, "excluded_lines": 0}, "missing_lines": [190], "excluded_lines": []}, "_cleanup_session_handler": {"executed_lines": [], "summary": {"covered_lines": 0, "num_statements": 3, "percent_covered": 0.0, "percent_covered_display": "0.00", "missing_lines": 3, "excluded_lines": 0}, "missing_lines": [202, 203, 205], "excluded_lines": []}, "cleanup_session": {"executed_lines": [], "summary": {"covered_lines": 0, "num_statements": 1, "percent_covered": 0.0, "percent_covered_display": "0.00", "missing_lines": 1, "excluded_lines": 0}, "missing_lines": [214], "excluded_lines": []}, "_get_agent_info_handler": {"executed_lines": [], "summary": {"covered_lines": 0, "num_statements": 3, "percent_covered": 0.0, "percent_covered_display": "0.00", "missing_lines": 3, "excluded_lines": 0}, "missing_lines": [223, 224, 226], "excluded_lines": []}, "get_agent_info": {"executed_lines": [], "summary": {"covered_lines": 0, "num_statements": 1, "percent_covered": 0.0, "percent_covered_display": "0.00", "missing_lines": 1, "excluded_lines": 0}, "missing_lines": [246], "excluded_lines": []}, "run_server": {"executed_lines": [], "summary": {"covered_lines": 0, "num_statements": 7, "percent_covered": 0.0, "percent_covered_display": "0.00", "missing_lines": 7, "excluded_lines": 0}, "missing_lines": [257, 258, 259, 260, 261, 262, 264], "excluded_lines": []}, "main": {"executed_lines": [], "summary": {"covered_lines": 0, "num_statements": 11, "percent_covered": 0.0, "percent_covered_display": "0.00", "missing_lines": 11, "excluded_lines": 0}, "missing_lines": [269, 271, 272, 274, 276, 279, 281, 282, 283, 284, 286], "excluded_lines": []}, "": {"executed_lines": [2, 8, 9, 10, 12, 15, 25, 28, 31, 39, 59, 60, 67, 79, 80, 85, 98, 99, 104, 122, 123, 128, 141, 142, 147, 166, 167, 172, 187, 188, 193, 211, 212, 217, 243, 244, 249, 267, 289], "summary": {"covered_lines": 38, "num_statements": 39, "percent_covered": 97.43589743589743, "percent_covered_display": "97.44", "missing_lines": 1, "excluded_lines": 0}, "missing_lines": [290], "excluded_lines": []}}, "classes": {"": {"executed_lines": [2, 8, 9, 10, 12, 15, 25, 28, 31, 39, 59, 60, 67, 79, 80, 85, 98, 99, 104, 122, 123, 128, 141, 142, 147, 166, 167, 172, 187, 188, 193, 211, 212, 217, 243, 244, 249, 267, 289], "summary": {"covered_lines": 38, "num_statements": 96, "percent_covered": 39.583333333333336, "percent_covered_display": "39.58", "missing_lines": 58, "excluded_lines": 0}, "missing_lines": [17, 18, 34, 35, 36, 53, 54, 55, 57, 64, 76, 77, 82, 95, 96, 101, 113, 114, 116, 125, 138, 139, 144, 157, 158, 160, 169, 178, 179, 181, 190, 202, 203, 205, 214, 223, 224, 226, 246, 257, 258, 259, 260, 261, 262, 264, 269, 271, 272, 274, 276, 279, 281, 282, 283, 284, 286, 290], "excluded_lines": []}}}, "src/screen_manager/screen_manager.py": {"executed_lines": [2, 9, 10, 11, 12, 13, 14, 15, 18, 19, 21, 37, 93, 132, 144, 178, 214, 244, 276, 301, 307, 315, 328, 341], "summary": {"covered_lines": 22, "num_statements": 152, "percent_covered": 14.473684210526315, "percent_covered_display": "14.47", "missing_lines": 130, "excluded_lines": 0}, "missing_lines": [28, 29, 30, 34, 35, 48, 51, 52, 54, 57, 59, 61, 66, 77, 79, 86, 87, 102, 105, 108, 111, 112, 113, 114, 116, 119, 121, 141, 142, 154, 155, 157, 158, 160, 161, 168, 170, 188, 190, 191, 196, 198, 202, 208, 209, 224, 226, 228, 233, 234, 235, 236, 237, 239, 241, 242, 253, 255, 257, 258, 262, 263, 264, 265, 268, 269, 271, 273, 274, 282, 285, 286, 287, 290, 292, 293, 294, 296, 297, 299, 303, 304, 305, 309, 310, 311, 312, 313, 317, 318, 319, 320, 321, 322, 323, 324, 325, 326, 330, 331, 332, 333, 334, 335, 336, 337, 338, 343, 345, 346, 349, 350, 351, 353, 354, 357, 358, 359, 360, 361, 362, 363, 366, 369, 370, 372, 373, 374, 375, 376], "excluded_lines": [], "functions": {"ScreenSessionManager.__init__": {"executed_lines": [], "summary": {"covered_lines": 0, "num_statements": 3, "percent_covered": 0.0, "percent_covered_display": "0.00", "missing_lines": 3, "excluded_lines": 0}, "missing_lines": [28, 34, 35], "excluded_lines": []}, "ScreenSessionManager.__init__.get_agent_id": {"executed_lines": [], "summary": {"covered_lines": 0, "num_statements": 2, "percent_covered": 0.0, "percent_covered_display": "0.00", "missing_lines": 2, "excluded_lines": 0}, "missing_lines": [29, 30], "excluded_lines": []}, "ScreenSessionManager.create_session": {"executed_lines": [], "summary": {"covered_lines": 0, "num_statements": 12, "percent_covered": 0.0, "percent_covered_display": "0.00", "missing_lines": 12, "excluded_lines": 0}, "missing_lines": [48, 51, 52, 54, 57, 59, 61, 66, 77, 79, 86, 87], "excluded_lines": []}, "ScreenSessionManager.get_session_status": {"executed_lines": [], "summary": {"covered_lines": 0, "num_statements": 10, "percent_covered": 0.0, "percent_covered_display": "0.00", "missing_lines": 10, "excluded_lines": 0}, "missing_lines": [102, 105, 108, 111, 112, 113, 114, 116, 119, 121], "excluded_lines": []}, "ScreenSessionManager.get_exit_code": {"executed_lines": [], "summary": {"covered_lines": 0, "num_statements": 2, "percent_covered": 0.0, "percent_covered_display": "0.00", "missing_lines": 2, "excluded_lines": 0}, "missing_lines": [141, 142], "excluded_lines": []}, "ScreenSessionManager.wait_for_completion": {"executed_lines": [], "summary": {"covered_lines": 0, "num_statements": 8, "percent_covered": 0.0, "percent_covered_display": "0.00", "missing_lines": 8, "excluded_lines": 0}, "missing_lines": [154, 155, 157, 158, 160, 161, 168, 170], "excluded_lines": []}, "ScreenSessionManager.send_command": {"executed_lines": [], "summary": {"covered_lines": 0, "num_statements": 8, "percent_covered": 0.0, "percent_covered_display": "0.00", "missing_lines": 8, "excluded_lines": 0}, "missing_lines": [188, 190, 191, 196, 198, 202, 208, 209], "excluded_lines": []}, "ScreenSessionManager.get_output": {"executed_lines": [], "summary": {"covered_lines": 0, "num_statements": 11, "percent_covered": 0.0, "percent_covered_display": "0.00", "missing_lines": 11, "excluded_lines": 0}, "missing_lines": [224, 226, 228, 233, 234, 235, 236, 237, 239, 241, 242], "excluded_lines": []}, "ScreenSessionManager.cleanup_session": {"executed_lines": [], "summary": {"covered_lines": 0, "num_statements": 13, "percent_covered": 0.0, "percent_covered_display": "0.00", "missing_lines": 13, "excluded_lines": 0}, "missing_lines": [253, 255, 257, 258, 262, 263, 264, 265, 268, 269, 271, 273, 274], "excluded_lines": []}, "ScreenSessionManager.list_sessions": {"executed_lines": [], "summary": {"covered_lines": 0, "num_statements": 11, "percent_covered": 0.0, "percent_covered_display": "0.00", "missing_lines": 11, "excluded_lines": 0}, "missing_lines": [282, 285, 286, 287, 290, 292, 293, 294, 296, 297, 299], "excluded_lines": []}, "ScreenSessionManager._normalize_session_name": {"executed_lines": [], "summary": {"covered_lines": 0, "num_statements": 3, "percent_covered": 0.0, "percent_covered_display": "0.00", "missing_lines": 3, "excluded_lines": 0}, "missing_lines": [303, 304, 305], "excluded_lines": []}, "ScreenSessionManager._is_screen_session_running": {"executed_lines": [], "summary": {"covered_lines": 0, "num_statements": 5, "percent_covered": 0.0, "percent_covered_display": "0.00", "missing_lines": 5, "excluded_lines": 0}, "missing_lines": [309, 310, 311, 312, 313], "excluded_lines": []}, "ScreenSessionManager._get_exit_code": {"executed_lines": [], "summary": {"covered_lines": 0, "num_statements": 10, "percent_covered": 0.0, "percent_covered_display": "0.00", "missing_lines": 10, "excluded_lines": 0}, "missing_lines": [317, 318, 319, 320, 321, 322, 323, 324, 325, 326], "excluded_lines": []}, "ScreenSessionManager._parse_screen_list": {"executed_lines": [], "summary": {"covered_lines": 0, "num_statements": 9, "percent_covered": 0.0, "percent_covered_display": "0.00", "missing_lines": 9, "excluded_lines": 0}, "missing_lines": [330, 331, 332, 333, 334, 335, 336, 337, 338], "excluded_lines": []}, "": {"executed_lines": [2, 9, 10, 11, 12, 13, 14, 15, 18, 19, 21, 37, 93, 132, 144, 178, 214, 244, 276, 301, 307, 315, 328, 341], "summary": {"covered_lines": 22, "num_statements": 45, "percent_covered": 48.888888888888886, "percent_covered_display": "48.89", "missing_lines": 23, "excluded_lines": 0}, "missing_lines": [343, 345, 346, 349, 350, 351, 353, 354, 357, 358, 359, 360, 361, 362, 363, 366, 369, 370, 372, 373, 374, 375, 376], "excluded_lines": []}}, "classes": {"ScreenSessionManager": {"executed_lines": [], "summary": {"covered_lines": 0, "num_statements": 107, "percent_covered": 0.0, "percent_covered_display": "0.00", "missing_lines": 107, "excluded_lines": 0}, "missing_lines": [28, 29, 30, 34, 35, 48, 51, 52, 54, 57, 59, 61, 66, 77, 79, 86, 87, 102, 105, 108, 111, 112, 113, 114, 116, 119, 121, 141, 142, 154, 155, 157, 158, 160, 161, 168, 170, 188, 190, 191, 196, 198, 202, 208, 209, 224, 226, 228, 233, 234, 235, 236, 237, 239, 241, 242, 253, 255, 257, 258, 262, 263, 264, 265, 268, 269, 271, 273, 274, 282, 285, 286, 287, 290, 292, 293, 294, 296, 297, 299, 303, 304, 305, 309, 310, 311, 312, 313, 317, 318, 319, 320, 321, 322, 323, 324, 325, 326, 330, 331, 332, 333, 334, 335, 336, 337, 338], "excluded_lines": []}, "": {"executed_lines": [2, 9, 10, 11, 12, 13, 14, 15, 18, 19, 21, 37, 93, 132, 144, 178, 214, 244, 276, 301, 307, 315, 328, 341], "summary": {"covered_lines": 22, "num_statements": 45, "percent_covered": 48.888888888888886, "percent_covered_display": "48.89", "missing_lines": 23, "excluded_lines": 0}, "missing_lines": [343, 345, 346, 349, 350, 351, 353, 354, 357, 358, 359, 360, 361, 362, 363, 366, 369, 370, 372, 373, 374, 375, 376], "excluded_lines": []}}}}, "totals": {"covered_lines": 60, "num_statements": 368, "percent_covered": 16.304347826086957, "percent_covered_display": "16.30", "missing_lines": 308, "excluded_lines": 0}}